<?xml version="1.0" encoding="UTF-8"?>
<testsuite xmlns:xsi="http://www.w3.org/2001/XMLSchema-instance" xsi:noNamespaceSchemaLocation="https://maven.apache.org/surefire/maven-surefire-plugin/xsd/surefire-test-report-3.0.xsd" version="3.0" name="com.rts.DevopsJenkinsDemo.WorkLogTest" time="0.002" tests="4" errors="0" skipped="0" failures="0">
  <properties>
[...]
</properties>
  <testcase name="testAddLog1" classname="com.rts.DevopsJenkinsDemo.WorkLogTest" time="0.0"/>
  <testcase name="testAddLog2" classname="com.rts.DevopsJenkinsDemo.WorkLogTest" time="0.0"/>
  <testcase name="testAddLogins1" classname="com.rts.DevopsJenkinsDemo.WorkLogTest" time="0.0"/>
  <testcase name="testAddLogins2" classname="com.rts.DevopsJenkinsDemo.WorkLogTest" time="0.0"/>
</testsuite>